2022-03-08 13:59:54,888 M1B_Workflow Entry
2022-03-08 13:59:55,898 M1B_Workflow.TaskA Entry
2022-03-08 13:59:55,898 M1B_Workflow.TaskA Executing DataLoad (TaskA_Input)
2022-03-08 13:59:55,898 M1B_Workflow.TaskA Exit
2022-03-08 14:00:09,913 M1B_Workflow.FlowA.TaskB Entry
2022-03-08 14:00:09,913 M1B_Workflow.FlowA.TaskB Executing DataLoad (TaskB_Input)
2022-03-08 14:00:09,913 M1B_Workflow.FlowA.TaskB Exit
2022-03-08 14:00:14,918 M1B_Workflow.FlowA.TaskC Entry
2022-03-08 14:00:14,918 M1B_Workflow.FlowA.TaskC Executing DataLoad (TaskC_Input)
2022-03-08 14:00:14,918 M1B_Workflow.FlowA.TaskC Exit
2022-03-08 14:00:19,929 M1B_Workflow.FlowA.TaskD Entry
2022-03-08 14:00:19,929 M1B_Workflow.FlowA.TaskD Executing DataLoad (TaskD_Input)
2022-03-08 14:00:19,929 M1B_Workflow.FlowA.TaskD Exit
2022-03-08 14:00:24,943 M1B_Workflow.FlowA.FlowB.TaskE Entry
2022-03-08 14:00:24,944 M1B_Workflow.FlowA.FlowB.TaskE Executing DataLoad (TaskE_Input)
2022-03-08 14:00:24,944 M1B_Workflow.FlowA.FlowB.TaskE Exit
2022-03-08 14:00:25,954 M1B_Workflow.FlowA.FlowB.TaskF Entry
2022-03-08 14:00:25,954 M1B_Workflow.FlowA.FlowB.TaskF Executing DataLoad (TaskF_Input)
2022-03-08 14:00:25,954 M1B_Workflow.FlowA.FlowB.TaskF Exit
2022-03-08 14:00:27,968 M1B_Workflow.FlowA.FlowB.FlowC.TaskG Entry
2022-03-08 14:00:27,968 M1B_Workflow.FlowA.FlowB.FlowC.TaskG Executing DataLoad (TaskG_Input)
2022-03-08 14:00:27,968 M1B_Workflow.FlowA.FlowB.FlowC.TaskG Exit
2022-03-08 14:00:29,969 M1B_Workflow.FlowA.FlowB.FlowC.TaskH Entry
2022-03-08 14:00:29,970 M1B_Workflow.FlowA.FlowB.FlowC.TaskH Executing DataLoad (TaskH_Input)
2022-03-08 14:00:29,970 M1B_Workflow.FlowA.FlowB.FlowC.TaskH Exit
2022-03-08 14:00:34,971 M1B_Workflow.FlowA.FlowB.FlowC.TaskI Entry
2022-03-08 14:00:34,971 M1B_Workflow.FlowA.FlowB.FlowC.TaskI Executing DataLoad (TaskI_Input)
2022-03-08 14:00:34,971 M1B_Workflow.FlowA.FlowB.FlowC.TaskI Exit
2022-03-08 14:00:39,974 M1B_Workflow.FlowA.FlowB.FlowC.TaskZ Entry
2022-03-08 14:00:39,975 M1B_Workflow.FlowA.FlowB.FlowC.TaskZ Executing DataLoad (TaskZ_Input)
2022-03-08 14:00:39,975 M1B_Workflow.FlowA.FlowB.FlowC.TaskZ Exit
2022-03-08 14:00:39,975 M1B_Workflow Exit
